<?xml version="1.0" encoding="UTF-8"?>
<!-- Generated by org.testng.reporters.JUnitReportReporter -->
<testsuite hostname="nagarwal" failures="0" tests="1" name="apiTest.ValidateDeleteRequest" time="0.688" errors="0" timestamp="2024-01-24T07:51:33 IST" skipped="0">
  <testcase classname="apiTest.ValidateDeleteRequest" name="VerifyResponseCodeForDeleteRequest" time="0.688"/>
  <system-out/>
</testsuite> <!-- apiTest.ValidateDeleteRequest -->
