<?xml version="1.0" encoding="UTF-8"?>
<!-- Generated by org.testng.reporters.JUnitReportReporter -->
<testsuite hostname="nagarwal" failures="0" tests="5" name="apiTest.ValidateGetRequest" time="3.546" errors="0" timestamp="2024-01-24T07:51:33 IST" skipped="0">
  <testcase classname="apiTest.ValidateGetRequest" name="verifyResponseUsingAssert" time="0.723"/>
  <system-out/>
  <testcase classname="apiTest.ValidateGetRequest" name="verifyResponseCodeOfInValidGetRequest" time="0.668"/>
  <system-out/>
  <testcase classname="apiTest.ValidateGetRequest" name="verifyIDValueInResponseOfGivenGetRequest" time="0.762"/>
  <system-out/>
  <testcase classname="apiTest.ValidateGetRequest" name="verifyResponseCodeOfGivenGetRequest" time="0.705"/>
  <system-out/>
  <testcase classname="apiTest.ValidateGetRequest" name="verifyTitleValueInResponseOfGivenGetRequest" time="0.688"/>
  <system-out/>
</testsuite> <!-- apiTest.ValidateGetRequest -->
