<?xml version="1.0" encoding="UTF-8"?>
<!-- Generated by org.testng.reporters.JUnitReportReporter -->
<testsuite hostname="nagarwal" failures="0" tests="4" name="apiTest.ValidatePostMethod" time="4.843" errors="0" timestamp="2024-01-24T07:51:33 IST" skipped="0">
  <testcase classname="apiTest.ValidatePostMethod" name="validateIDValueInResponseOfPostMethod" time="2.773"/>
  <system-out/>
  <testcase classname="apiTest.ValidatePostMethod" name="validateTitleValueInResponseOfPostMethod" time="0.699"/>
  <system-out/>
  <testcase classname="apiTest.ValidatePostMethod" name="validateResponseCodeInPostMethod" time="0.704"/>
  <system-out/>
  <testcase classname="apiTest.ValidatePostMethod" name="validateResponseUsingAssert" time="0.667"/>
  <system-out/>
</testsuite> <!-- apiTest.ValidatePostMethod -->
