<?xml version="1.0" encoding="UTF-8"?>
<!-- Generated by org.testng.reporters.JUnitReportReporter -->
<testsuite hostname="nagarwal" failures="0" tests="3" name="apiTest.ValidatePutRequest" time="2.029" errors="0" timestamp="2024-01-24T07:51:33 IST" skipped="0">
  <testcase classname="apiTest.ValidatePutRequest" name="verifyResponseCodeOfPutRequest" time="0.664"/>
  <system-out/>
  <testcase classname="apiTest.ValidatePutRequest" name="verifyResponseOfGivenGetRequest" time="0.695"/>
  <system-out/>
  <testcase classname="apiTest.ValidatePutRequest" name="verifyChangeInResponseOfPutRequest" time="0.670"/>
  <system-out/>
</testsuite> <!-- apiTest.ValidatePutRequest -->
